<?xml version="1.0" encoding="UTF-8"?>
<!-- Generated by org.testng.reporters.JUnitReportReporter -->
<testsuite hostname="Abdulraheem" failures="0" tests="7" name="myTestcases" time="0.062" errors="0" timestamp="2024-10-23T20:57:20 EET" skipped="6">
  <testcase classname="myTestcases" name="CheckDepatureDate" time="0.062"/>
  <system-out/>
  <testcase classname="myTestcases" name="CheckReturnDate">
    <skipped/>
  </testcase> <!-- CheckReturnDate -->
  <system-out/>
  <testcase classname="myTestcases" name="CheckHotelTabIsNotSelected">
    <skipped/>
  </testcase> <!-- CheckHotelTabIsNotSelected -->
  <system-out/>
  <testcase classname="myTestcases" name="CheckQitafLogoIsThereInTheFooter">
    <skipped/>
  </testcase> <!-- CheckQitafLogoIsThereInTheFooter -->
  <system-out/>
  <testcase classname="myTestcases" name="CheckContactNumber">
    <skipped/>
  </testcase> <!-- CheckContactNumber -->
  <system-out/>
  <testcase classname="myTestcases" name="CheckTheEnglishLanguageIsDefault">
    <skipped/>
  </testcase> <!-- CheckTheEnglishLanguageIsDefault -->
  <system-out/>
  <testcase classname="myTestcases" name="CheckTheDefaultCurrencyIsSAR">
    <skipped/>
  </testcase> <!-- CheckTheDefaultCurrencyIsSAR -->
  <system-out/>
</testsuite> <!-- myTestcases -->
