<?xml version="1.0" encoding="UTF-8"?>
<!-- Generated by org.testng.reporters.JUnitReportReporter -->
<testsuite hostname="Abdulraheem" failures="0" tests="10" name="myTestcases" time="22.843" errors="0" timestamp="2024-11-06T21:04:00 EET" skipped="8">
  <testcase classname="myTestcases" name="RandomlyChangeTheLanguage" time="5.217"/>
  <system-out/>
  <testcase classname="myTestcases" name="CheckTheSortOption" time="17.626"/>
  <system-out/>
  <testcase classname="myTestcases" name="CheckReturnDate">
    <skipped/>
  </testcase> <!-- CheckReturnDate -->
  <system-out/>
  <testcase classname="myTestcases" name="CheckHotelTabIsNotSelected">
    <skipped/>
  </testcase> <!-- CheckHotelTabIsNotSelected -->
  <system-out/>
  <testcase classname="myTestcases" name="CheckQitafLogoIsThereInTheFooter">
    <skipped/>
  </testcase> <!-- CheckQitafLogoIsThereInTheFooter -->
  <system-out/>
  <testcase classname="myTestcases" name="CheckContactNumber">
    <skipped/>
  </testcase> <!-- CheckContactNumber -->
  <system-out/>
  <testcase classname="myTestcases" name="CheckDepatureDate">
    <skipped/>
  </testcase> <!-- CheckDepatureDate -->
  <system-out/>
  <testcase classname="myTestcases" name="CheckTheEnglishLanguageIsDefault">
    <skipped/>
  </testcase> <!-- CheckTheEnglishLanguageIsDefault -->
  <system-out/>
  <testcase classname="myTestcases" name="CheckThatThePageIsFullyLoaded">
    <skipped/>
  </testcase> <!-- CheckThatThePageIsFullyLoaded -->
  <system-out/>
  <testcase classname="myTestcases" name="CheckTheDefaultCurrencyIsSAR">
    <skipped/>
  </testcase> <!-- CheckTheDefaultCurrencyIsSAR -->
  <system-out/>
</testsuite> <!-- myTestcases -->
