<?xml version="1.0" encoding="UTF-8"?>
<!-- Generated by org.testng.reporters.JUnitReportReporter -->
<testsuite hostname="Abdulraheem" failures="0" tests="4" name="myTestcases" time="0.134" errors="0" timestamp="2024-10-22T21:08:15 EET" skipped="0">
  <testcase classname="myTestcases" name="CheckTheEnglishLanguageIsDefault" time="0.029"/>
  <system-out/>
  <testcase classname="myTestcases" name="CheckTheDefaultCurrencyIsSAR" time="0.027"/>
  <system-out/>
  <testcase classname="myTestcases" name="CheckContactNumber" time="0.041"/>
  <system-out/>
  <testcase classname="myTestcases" name="CheckQitafLogoIsThereInTheFooter" time="0.037"/>
  <system-out/>
</testsuite> <!-- myTestcases -->
