<?xml version="1.0" encoding="UTF-8"?>
<!-- Generated by org.testng.reporters.JUnitReportReporter -->
<testsuite hostname="Abdulraheem" failures="0" tests="8" name="myTestcases" time="0.722" errors="0" timestamp="2024-10-23T21:33:06 EET" skipped="7">
  <testcase classname="myTestcases" name="RandomlyChangeTheLanguage" time="0.722"/>
  <system-out/>
  <testcase classname="myTestcases" name="CheckReturnDate">
    <skipped/>
  </testcase> <!-- CheckReturnDate -->
  <system-out/>
  <testcase classname="myTestcases" name="CheckHotelTabIsNotSelected">
    <skipped/>
  </testcase> <!-- CheckHotelTabIsNotSelected -->
  <system-out/>
  <testcase classname="myTestcases" name="CheckQitafLogoIsThereInTheFooter">
    <skipped/>
  </testcase> <!-- CheckQitafLogoIsThereInTheFooter -->
  <system-out/>
  <testcase classname="myTestcases" name="CheckContactNumber">
    <skipped/>
  </testcase> <!-- CheckContactNumber -->
  <system-out/>
  <testcase classname="myTestcases" name="CheckDepatureDate">
    <skipped/>
  </testcase> <!-- CheckDepatureDate -->
  <system-out/>
  <testcase classname="myTestcases" name="CheckTheEnglishLanguageIsDefault">
    <skipped/>
  </testcase> <!-- CheckTheEnglishLanguageIsDefault -->
  <system-out/>
  <testcase classname="myTestcases" name="CheckTheDefaultCurrencyIsSAR">
    <skipped/>
  </testcase> <!-- CheckTheDefaultCurrencyIsSAR -->
  <system-out/>
</testsuite> <!-- myTestcases -->
