<?xml version="1.0" encoding="UTF-8"?>
<!-- Generated by org.testng.reporters.JUnitReportReporter -->
<testsuite hostname="Abdulraheem" failures="0" tests="1" name="uploadfile" time="5.170" errors="0" timestamp="2024-11-05T22:35:57 EET" skipped="0">
  <testcase classname="uploadfile" name="mytest" time="5.170"/>
  <system-out/>
</testsuite> <!-- uploadfile -->
